[info]; Usuario creado correctamente email: charlz1ww7@hotmail.com 8/8/2024, 03:37:25 
[warning]; El usuario: null no existe 8/8/2024, 03:46:45 
[warning]; El usuario: null no existe 8/8/2024, 03:46:53 
[warning]; El usuario: null no existe 8/8/2024, 03:47:00 
[info]; El usuario 66b41fce4aa5791283d070fe ha realizado de forma correcta una compra con ticket 66b423acd9e8aff7e69018df 8/8/2024, 03:47:26 
[error]; Acceso erróneo por datos inválidos del usuario 8/8/2024, 03:53:03 
[error]; Acceso erróneo por datos inválidos email de acceso: No proporcionado 8/8/2024, 03:59:04 
[error]; Acceso erróneo por datos inválidos email de acceso: No proporcionado 8/8/2024, 04:05:40 
[warning]; El usuario: regisee@hotmail.com no existe 8/8/2024, 04:09:52 
[error]; Acceso erróneo por datos inválidos 8/8/2024, 04:09:52 
[info]; Ingreso de usuario correcto registro3@gmail.com 8/8/2024, 04:12:32 
[error]; getProductById, ID inválido 8/8/2024, 04:30:11 
[error]; getProductById, ID inválido 6 8/8/2024, 04:35:57 
[error]; getProductById, ID inválido 6 8/8/2024, 04:39:10 
[error]; getProductById, ID inválido 6 8/8/2024, 04:39:17 
[error]; getProductById, ID inválido 664527f145w6bf1429b90c12f 8/8/2024, 04:42:03 
[error]; getProductById, ID inválido 664527f145w6bf1429b90c12f 8/8/2024, 04:43:25 
[error]; getProductById, ID inválido 664527f145w6bf1429b90c12f 8/8/2024, 04:45:15 
[error]; getProductById, ID inválido 664527f145w6bf1429b90c12f 8/8/2024, 04:45:34 
[info]; Ingreso de usuario correcto regis@hotmail.com 8/8/2024, 05:02:32 
[info]; Ingreso de usuario correcto regis@hotmail.com 8/8/2024, 05:56:36 
[info]; Ingreso de usuario correcto regis@hotmail.com 8/8/2024, 05:57:23 
[info]; Ingreso de usuario correcto regis@hotmail.com 8/8/2024, 05:57:59 
[info]; Ingreso de usuario correcto regis@hotmail.com 8/8/2024, 05:58:44 
[info]; El usuario 66688c122486aae19e824198 ha realizado de forma correcta una compra con ticket 66b4428bf95407f06656e5dd 8/8/2024, 05:59:09 
[info]; Ingreso de usuario correcto regis@hotmail.com 8/8/2024, 06:00:24 
[info]; Ingreso de usuario correcto regis@hotmail.com 8/8/2024, 06:04:00 
[info]; Ingreso de usuario correcto regis@hotmail.com 8/8/2024, 02:19:11 
[info]; Ingreso de usuario correcto regis@hotmail.com 8/8/2024, 02:19:29 
[info]; Ingreso de usuario correcto kaarcarlos@gmail.com 8/8/2024, 02:19:40 
[info]; La nueva password del user: 66b3b41de99e24053b56e181 se creo de forma correcta 8/8/2024, 03:55:18 
[error]; La nueva password del user: 66b3b41de99e24053b56e181 coincide con la anterior 8/8/2024, 03:56:01 
[error]; La nueva password del user: 66b3b41de99e24053b56e181 email: kaarcarlos@gmail.com coincide con la anterior 8/8/2024, 04:02:54 
[error]; RenderResetPassword(500): El token del user es invalido o esta vencido 8/8/2024, 04:07:32 
[error]; RenderResetPassword(500): El token del user es invalido o esta vencido 9/8/2024, 05:06:04 
[info]; Ingreso de usuario correcto kaarcarlos@gmail.com 10/8/2024, 05:13:42 
[info]; Ingreso de usuario correcto kaarcarlos@gmail.com 10/8/2024, 05:14:10 
[info]; New client connected to socket: charlz17@hotmail.com 10/8/2024, 05:21:04 
[info]; New client connected to socket: charlz17@hotmail.com 10/8/2024, 05:21:04 
[info]; New client connected to socket: charlz17@hotmail.com 10/8/2024, 05:21:32 
[info]; New client connected to socket: charlz17@hotmail.com 10/8/2024, 05:24:16 
[info]; New client connected to socket: charlz17@hotmail.com 10/8/2024, 05:24:17 
[info]; New client connected to socket: charlz17@hotmail.com 10/8/2024, 05:28:40 
[info]; New client connected to socket: charlz17@hotmail.com 10/8/2024, 05:28:42 
[info]; Server running on port: http://localhost:8080/products 10/8/2024, 05:37:30 
[info]; Connected to MongoDB 10/8/2024, 05:37:31 
[info]; Connected to the database 10/8/2024, 05:37:31 
[info]; New client connected to socket: charlz17@hotmail.com 10/8/2024, 05:38:06 
[info]; New client connected to socket: charlz17@hotmail.com 10/8/2024, 05:38:36 
[info]; Server running on port: http://localhost:8080/products 10/8/2024, 05:41:25 
[info]; Connected to MongoDB 10/8/2024, 05:41:25 
[info]; Connected to the database 10/8/2024, 05:41:25 
[info]; New client connected to socket: charlz17@hotmail.com 10/8/2024, 05:41:25 
[info]; New client connected to socket: charlz17@hotmail.com 10/8/2024, 05:41:27 
[info]; Server running on port: http://localhost:8080/products 10/8/2024, 05:44:54 
[info]; Connected to MongoDB 10/8/2024, 05:44:55 
[info]; Connected to the database 10/8/2024, 05:44:55 
[info]; Server running on port: http://localhost:8080/products 10/8/2024, 05:46:23 
[info]; Connected to MongoDB 10/8/2024, 05:46:23 
[info]; Connected to the database 10/8/2024, 05:46:23 
[info]; New client connected to socket: charlz17@hotmail.com 10/8/2024, 05:46:27 
[info]; Server running on port: http://localhost:8080/products 10/8/2024, 05:51:11 
[info]; Connected to MongoDB 10/8/2024, 05:51:11 
[info]; Connected to the database 10/8/2024, 05:51:11 
[info]; New client connected to socket: charlz17@hotmail.com 10/8/2024, 05:51:11 
